
Gurobi 5.6.3 (mac64) logging started Tue Aug  5 10:07:41 2014

Optimize a model with 2 rows, 3 columns and 5 nonzeros
Found heuristic solution: objective 2
Presolve removed 2 rows and 3 columns
Presolve time: 0.01s

Explored 0 nodes (0 simplex iterations) in 0.06 seconds
Thread count was 1 (of 4 available processors)

Optimal solution found (tolerance 1.00e-04)
Best objective 3.000000000000e+00, best bound 3.000000000000e+00, gap 0.0%
Optimize a model with 2 rows, 3 columns and 5 nonzeros
Presolve removed 2 rows and 3 columns
Presolve time: 0.00s

Explored 0 nodes (0 simplex iterations) in 0.00 seconds
Thread count was 1 (of 4 available processors)

Optimal solution found (tolerance 1.00e-04)
Best objective 3.000000000000e+00, best bound 3.000000000000e+00, gap 0.0%

Gurobi 5.6.3 (mac64) logging started Tue Aug  5 12:59:19 2014


Gurobi 5.6.3 (mac64) logging started Tue Aug  5 12:59:45 2014


Gurobi 5.6.3 (mac64) logging started Tue Aug  5 13:01:09 2014


Gurobi 5.6.3 (mac64) logging started Tue Aug  5 13:03:13 2014


Gurobi 5.6.3 (mac64) logging started Tue Aug  5 13:03:28 2014


Gurobi 5.6.3 (mac64) logging started Tue Aug  5 13:05:05 2014


Gurobi 5.6.3 (mac64) logging started Tue Aug  5 13:05:43 2014


Gurobi 5.6.3 (mac64) logging started Tue Aug  5 13:06:34 2014


Gurobi 5.6.3 (mac64) logging started Tue Aug  5 13:06:55 2014


Gurobi 5.6.3 (mac64) logging started Tue Aug  5 13:07:36 2014


Gurobi 5.6.3 (mac64) logging started Tue Aug  5 13:07:49 2014


Gurobi 5.6.3 (mac64) logging started Tue Aug  5 15:28:47 2014


Gurobi 5.6.3 (mac64) logging started Tue Aug  5 15:29:05 2014


Gurobi 5.6.3 (mac64) logging started Wed Aug  6 11:38:54 2014


Gurobi 5.6.3 (mac64) logging started Wed Aug  6 11:39:20 2014

Optimize a model with 16 rows, 12 columns and 36 nonzeros
Presolve removed 16 rows and 12 columns
Presolve time: 0.02s
Presolve: All rows and columns removed
Iteration    Objective       Primal Inf.    Dual Inf.      Time
       0    5.5000000e+03   0.000000e+00   0.000000e+00      0s

Solved in 0 iterations and 0.02 seconds
Optimal objective  5.500000000e+03

Gurobi 5.6.3 (mac64) logging started Wed Aug  6 11:51:31 2014


Gurobi 5.6.3 (mac64) logging started Wed Aug  6 12:04:39 2014


Gurobi 5.6.3 (mac64) logging started Wed Aug  6 12:07:09 2014


Gurobi 5.6.3 (mac64) logging started Wed Aug  6 12:07:55 2014


Gurobi 5.6.3 (mac64) logging started Wed Aug  6 12:11:02 2014


Gurobi 5.6.3 (mac64) logging started Wed Aug  6 12:11:11 2014


Gurobi 5.6.3 (mac64) logging started Wed Aug  6 12:11:18 2014


Gurobi 5.6.3 (mac64) logging started Wed Aug  6 12:13:44 2014


Gurobi 5.6.3 (mac64) logging started Wed Aug  6 12:18:35 2014


Gurobi 5.6.3 (mac64) logging started Wed Aug  6 12:19:21 2014


Gurobi 5.6.3 (mac64) logging started Mon Aug 11 12:41:09 2014


Gurobi 5.6.3 (mac64) logging started Mon Aug 11 12:41:25 2014


Gurobi 5.6.3 (mac64) logging started Mon Aug 11 12:41:35 2014


Gurobi 5.6.3 (mac64) logging started Mon Aug 11 13:57:39 2014


Gurobi 5.6.3 (mac64) logging started Mon Aug 11 14:34:22 2014


Gurobi 5.6.3 (mac64) logging started Mon Aug 11 14:34:27 2014


Gurobi 5.6.3 (mac64) logging started Mon Aug 11 14:34:40 2014


Gurobi 5.6.3 (mac64) logging started Mon Aug 11 14:40:35 2014


Gurobi 5.6.3 (mac64) logging started Mon Aug 11 14:42:38 2014


Gurobi 5.6.3 (mac64) logging started Mon Aug 11 14:43:11 2014


Gurobi 5.6.3 (mac64) logging started Mon Aug 11 14:44:51 2014


Gurobi 5.6.3 (mac64) logging started Tue Aug 12 18:15:08 2014


Gurobi 5.6.3 (mac64) logging started Wed Aug 13 18:19:39 2014


Gurobi 5.6.3 (mac64) logging started Wed Aug 13 18:20:01 2014


Gurobi 5.6.3 (mac64) logging started Wed Aug 13 18:23:35 2014


Gurobi 5.6.3 (mac64) logging started Wed Aug 13 18:25:16 2014


Gurobi 5.6.3 (mac64) logging started Wed Aug 13 18:25:19 2014


Gurobi 5.6.3 (mac64) logging started Wed Aug 13 18:25:45 2014


Gurobi 5.6.3 (mac64) logging started Wed Aug 13 18:25:47 2014


Gurobi 5.6.3 (mac64) logging started Wed Aug 13 18:25:51 2014


Gurobi 5.6.3 (mac64) logging started Wed Aug 13 18:26:28 2014


Gurobi 5.6.3 (mac64) logging started Wed Aug 13 18:27:23 2014


Gurobi 5.6.3 (mac64) logging started Wed Aug 13 18:27:27 2014


Gurobi 5.6.3 (mac64) logging started Wed Aug 13 18:30:46 2014


Gurobi 5.6.3 (mac64) logging started Wed Aug 13 18:30:50 2014


Gurobi 5.6.3 (mac64) logging started Wed Aug 13 18:34:32 2014


Gurobi 5.6.3 (mac64) logging started Wed Aug 13 18:47:09 2014


Gurobi 5.6.3 (mac64) logging started Wed Aug 13 18:47:10 2014


Gurobi 5.6.3 (mac64) logging started Wed Aug 13 18:53:09 2014


Gurobi 5.6.3 (mac64) logging started Wed Aug 13 19:01:39 2014


Gurobi 5.6.3 (mac64) logging started Wed Aug 13 19:06:13 2014


Gurobi 5.6.3 (mac64) logging started Wed Aug 13 19:07:09 2014


Gurobi 5.6.3 (mac64) logging started Wed Aug 13 19:08:12 2014


Gurobi 5.6.3 (mac64) logging started Wed Aug 13 19:29:57 2014


Gurobi 5.6.3 (mac64) logging started Wed Aug 13 19:32:42 2014


Gurobi 5.6.3 (mac64) logging started Wed Aug 13 19:34:38 2014


Gurobi 5.6.3 (mac64) logging started Mon Aug 18 17:25:48 2014


Gurobi 5.6.3 (mac64) logging started Mon Aug 18 18:28:56 2014


Gurobi 5.6.3 (mac64) logging started Mon Aug 18 18:31:36 2014


Gurobi 5.6.3 (mac64) logging started Tue Aug 19 10:32:33 2014


Gurobi 5.6.3 (mac64) logging started Tue Aug 19 10:33:43 2014


Gurobi 5.6.3 (mac64) logging started Tue Aug 19 10:35:02 2014


Gurobi 5.6.3 (mac64) logging started Tue Aug 19 10:40:27 2014


Gurobi 5.6.3 (mac64) logging started Tue Aug 19 11:47:52 2014


Gurobi 5.6.3 (mac64) logging started Tue Aug 19 17:01:01 2014


Gurobi 5.6.3 (mac64) logging started Wed Aug 20 12:39:38 2014


Gurobi 5.6.3 (mac64) logging started Wed Aug 20 12:40:24 2014


Gurobi 5.6.3 (mac64) logging started Wed Aug 20 13:13:04 2014


Gurobi 5.6.3 (mac64) logging started Wed Aug 20 13:13:27 2014


Gurobi 5.6.3 (mac64) logging started Wed Aug 20 13:14:56 2014


Gurobi 5.6.3 (mac64) logging started Wed Aug 20 13:19:33 2014


Gurobi 5.6.3 (mac64) logging started Wed Aug 20 13:23:34 2014


Gurobi 5.6.3 (mac64) logging started Wed Aug 20 13:27:20 2014


Gurobi 5.6.3 (mac64) logging started Wed Aug 20 13:27:31 2014


Gurobi 5.6.3 (mac64) logging started Wed Aug 20 13:29:18 2014


Gurobi 5.6.3 (mac64) logging started Wed Aug 20 13:31:22 2014


Gurobi 5.6.3 (mac64) logging started Wed Aug 20 13:32:53 2014


Gurobi 5.6.3 (mac64) logging started Wed Aug 20 13:34:13 2014


Gurobi 5.6.3 (mac64) logging started Wed Aug 20 13:35:47 2014


Gurobi 5.6.3 (mac64) logging started Wed Aug 20 13:35:59 2014


Gurobi 5.6.3 (mac64) logging started Wed Aug 20 13:38:57 2014


Gurobi 5.6.3 (mac64) logging started Wed Aug 20 13:39:20 2014


Gurobi 5.6.3 (mac64) logging started Wed Aug 20 13:39:24 2014


Gurobi 5.6.3 (mac64) logging started Wed Aug 20 14:53:13 2014


Gurobi 5.6.3 (mac64) logging started Wed Aug 20 14:55:51 2014


Gurobi 5.6.3 (mac64) logging started Wed Aug 20 15:49:27 2014


Gurobi 5.6.3 (mac64) logging started Wed Aug 20 15:49:47 2014


Gurobi 5.6.3 (mac64) logging started Wed Aug 20 15:50:44 2014


Gurobi 5.6.3 (mac64) logging started Wed Aug 20 15:53:38 2014


Gurobi 5.6.3 (mac64) logging started Wed Aug 20 16:01:05 2014


Gurobi 5.6.3 (mac64) logging started Wed Aug 20 16:23:41 2014


Gurobi 5.6.3 (mac64) logging started Wed Aug 20 16:27:13 2014


Gurobi 5.6.3 (mac64) logging started Wed Aug 20 16:27:41 2014


Gurobi 5.6.3 (mac64) logging started Wed Aug 20 16:50:27 2014


Gurobi 5.6.3 (mac64) logging started Wed Aug 20 16:51:16 2014


Gurobi 5.6.3 (mac64) logging started Wed Aug 20 16:53:56 2014


Gurobi 5.6.3 (mac64) logging started Wed Aug 20 16:54:17 2014


Gurobi 5.6.3 (mac64) logging started Wed Aug 20 16:55:11 2014


Gurobi 5.6.3 (mac64) logging started Wed Aug 20 16:56:01 2014


Gurobi 5.6.3 (mac64) logging started Wed Aug 20 16:57:04 2014


Gurobi 5.6.3 (mac64) logging started Wed Aug 20 16:58:40 2014


Gurobi 5.6.3 (mac64) logging started Wed Aug 20 16:59:08 2014


Gurobi 5.6.3 (mac64) logging started Wed Aug 20 16:59:42 2014


Gurobi 5.6.3 (mac64) logging started Wed Aug 20 17:00:27 2014


Gurobi 5.6.3 (mac64) logging started Wed Aug 20 17:01:20 2014


Gurobi 5.6.3 (mac64) logging started Wed Aug 20 17:01:35 2014


Gurobi 5.6.3 (mac64) logging started Wed Aug 20 17:03:06 2014


Gurobi 5.6.3 (mac64) logging started Wed Aug 20 17:03:26 2014


Gurobi 5.6.3 (mac64) logging started Wed Aug 20 17:14:32 2014


Gurobi 5.6.3 (mac64) logging started Wed Aug 20 18:36:23 2014


Gurobi 5.6.3 (mac64) logging started Wed Aug 20 18:36:47 2014


Gurobi 5.6.3 (mac64) logging started Wed Aug 20 18:38:02 2014


Gurobi 5.6.3 (mac64) logging started Wed Aug 20 18:38:10 2014


Gurobi 5.6.3 (mac64) logging started Wed Aug 20 18:38:18 2014


Gurobi 5.6.3 (mac64) logging started Wed Aug 20 18:38:39 2014


Gurobi 5.6.3 (mac64) logging started Wed Aug 20 18:39:31 2014


Gurobi 5.6.3 (mac64) logging started Wed Aug 20 18:40:46 2014


Gurobi 5.6.3 (mac64) logging started Wed Aug 20 18:46:16 2014


Gurobi 5.6.3 (mac64) logging started Wed Aug 20 18:46:25 2014


Gurobi 5.6.3 (mac64) logging started Wed Aug 20 18:46:38 2014


Gurobi 5.6.3 (mac64) logging started Wed Aug 20 18:48:08 2014


Gurobi 5.6.3 (mac64) logging started Wed Aug 20 18:48:33 2014


Gurobi 5.6.3 (mac64) logging started Wed Aug 20 18:48:49 2014


Gurobi 5.6.3 (mac64) logging started Wed Aug 20 18:49:14 2014


Gurobi 5.6.3 (mac64) logging started Wed Aug 20 18:49:30 2014


Gurobi 5.6.3 (mac64) logging started Wed Aug 20 18:53:12 2014


Gurobi 5.6.3 (mac64) logging started Wed Aug 20 19:00:36 2014


Gurobi 5.6.3 (mac64) logging started Thu Aug 21 16:28:32 2014


Gurobi 5.6.3 (mac64) logging started Thu Aug 21 16:29:52 2014


Gurobi 5.6.3 (mac64) logging started Thu Aug 21 17:12:21 2014


Gurobi 5.6.3 (mac64) logging started Thu Aug 21 17:13:14 2014


Gurobi 5.6.3 (mac64) logging started Thu Aug 21 17:34:28 2014


Gurobi 5.6.3 (mac64) logging started Thu Aug 21 17:35:05 2014


Gurobi 5.6.3 (mac64) logging started Thu Aug 21 17:39:41 2014


Gurobi 5.6.3 (mac64) logging started Thu Aug 21 17:43:08 2014


Gurobi 5.6.3 (mac64) logging started Thu Aug 21 18:09:31 2014


Gurobi 5.6.3 (mac64) logging started Thu Aug 21 18:10:28 2014


Gurobi 5.6.3 (mac64) logging started Thu Aug 21 18:40:15 2014


Gurobi 5.6.3 (mac64) logging started Thu Aug 21 18:44:47 2014


Gurobi 5.6.3 (mac64) logging started Thu Aug 21 19:02:47 2014


Gurobi 5.6.3 (mac64) logging started Fri Aug 22 00:14:45 2014


Gurobi 5.6.3 (mac64) logging started Sat Aug 23 14:20:39 2014


Gurobi 5.6.3 (mac64) logging started Sat Aug 23 14:24:30 2014


Gurobi 5.6.3 (mac64) logging started Sat Aug 23 15:11:47 2014


Gurobi 5.6.3 (mac64) logging started Sat Aug 23 15:19:01 2014


Gurobi 5.6.3 (mac64) logging started Sat Aug 23 17:46:27 2014


Gurobi 5.6.3 (mac64) logging started Sat Aug 23 17:47:47 2014


Gurobi 5.6.3 (mac64) logging started Sat Aug 23 17:51:42 2014


Gurobi 5.6.3 (mac64) logging started Sat Aug 23 17:51:54 2014


Gurobi 5.6.3 (mac64) logging started Sat Aug 23 17:54:29 2014


Gurobi 5.6.3 (mac64) logging started Sat Aug 23 18:00:31 2014


Gurobi 5.6.3 (mac64) logging started Sat Aug 23 18:01:18 2014


Gurobi 5.6.3 (mac64) logging started Sat Aug 23 18:09:17 2014


Gurobi 5.6.3 (mac64) logging started Sat Aug 23 18:10:44 2014


Gurobi 5.6.3 (mac64) logging started Sat Aug 23 18:19:13 2014


Gurobi 5.6.3 (mac64) logging started Sat Aug 23 18:20:31 2014


Gurobi 5.6.3 (mac64) logging started Sat Aug 23 18:20:42 2014


Gurobi 5.6.3 (mac64) logging started Sat Aug 23 18:20:50 2014


Gurobi 5.6.3 (mac64) logging started Sat Aug 23 18:21:12 2014


Gurobi 5.6.3 (mac64) logging started Sat Aug 23 18:26:26 2014


Gurobi 5.6.3 (mac64) logging started Sat Aug 23 18:27:32 2014


Gurobi 5.6.3 (mac64) logging started Sat Aug 23 18:27:48 2014


Gurobi 5.6.3 (mac64) logging started Sat Aug 23 18:29:21 2014


Gurobi 5.6.3 (mac64) logging started Mon Aug 25 13:35:38 2014


Gurobi 5.6.3 (mac64) logging started Mon Aug 25 13:38:16 2014


Gurobi 5.6.3 (mac64) logging started Mon Aug 25 14:55:35 2014


Gurobi 5.6.3 (mac64) logging started Mon Aug 25 15:06:07 2014


Gurobi 5.6.3 (mac64) logging started Mon Aug 25 18:32:09 2014


Gurobi 5.6.3 (mac64) logging started Tue Aug 26 15:17:51 2014


Gurobi 5.6.3 (mac64) logging started Tue Aug 26 15:18:10 2014


Gurobi 5.6.3 (mac64) logging started Tue Aug 26 15:19:21 2014


Gurobi 5.6.3 (mac64) logging started Tue Aug 26 15:19:56 2014


Gurobi 5.6.3 (mac64) logging started Tue Aug 26 15:21:25 2014


Gurobi 5.6.3 (mac64) logging started Tue Aug 26 15:22:08 2014


Gurobi 5.6.3 (mac64) logging started Tue Aug 26 15:22:35 2014


Gurobi 5.6.3 (mac64) logging started Tue Aug 26 15:23:04 2014


Gurobi 5.6.3 (mac64) logging started Tue Aug 26 15:23:49 2014


Gurobi 5.6.3 (mac64) logging started Tue Aug 26 15:24:46 2014


Gurobi 5.6.3 (mac64) logging started Tue Aug 26 15:24:59 2014


Gurobi 5.6.3 (mac64) logging started Tue Aug 26 15:25:07 2014


Gurobi 5.6.3 (mac64) logging started Tue Aug 26 15:25:23 2014


Gurobi 5.6.3 (mac64) logging started Tue Aug 26 15:25:35 2014


Gurobi 5.6.3 (mac64) logging started Tue Aug 26 15:25:51 2014


Gurobi 5.6.3 (mac64) logging started Tue Aug 26 16:59:15 2014


Gurobi 5.6.3 (mac64) logging started Tue Aug 26 17:00:41 2014


Gurobi 5.6.3 (mac64) logging started Tue Aug 26 17:01:18 2014


Gurobi 5.6.3 (mac64) logging started Tue Aug 26 17:02:41 2014


Gurobi 5.6.3 (mac64) logging started Tue Aug 26 17:04:07 2014


Gurobi 5.6.3 (mac64) logging started Tue Aug 26 17:04:35 2014


Gurobi 5.6.3 (mac64) logging started Tue Aug 26 17:04:42 2014


Gurobi 5.6.3 (mac64) logging started Tue Aug 26 17:05:44 2014


Gurobi 5.6.3 (mac64) logging started Tue Aug 26 17:05:56 2014


Gurobi 5.6.3 (mac64) logging started Tue Aug 26 18:20:43 2014


Gurobi 5.6.3 (mac64) logging started Tue Aug 26 19:07:51 2014


Gurobi 5.6.3 (mac64) logging started Tue Aug 26 19:08:17 2014


Gurobi 5.6.3 (mac64) logging started Tue Aug 26 19:08:48 2014


Gurobi 5.6.3 (mac64) logging started Tue Aug 26 19:09:15 2014


Gurobi 5.6.3 (mac64) logging started Tue Aug 26 19:09:25 2014


Gurobi 5.6.3 (mac64) logging started Tue Aug 26 19:20:26 2014


Gurobi 5.6.3 (mac64) logging started Tue Aug 26 19:21:49 2014


Gurobi 5.6.3 (mac64) logging started Tue Aug 26 19:22:16 2014


Gurobi 5.6.3 (mac64) logging started Tue Aug 26 22:17:02 2014


Gurobi 5.6.3 (mac64) logging started Tue Aug 26 22:17:52 2014


Gurobi 5.6.3 (mac64) logging started Tue Aug 26 22:26:37 2014


Gurobi 5.6.3 (mac64) logging started Tue Aug 26 22:27:35 2014


Gurobi 5.6.3 (mac64) logging started Tue Aug 26 22:28:50 2014


Gurobi 5.6.3 (mac64) logging started Tue Aug 26 22:33:56 2014


Gurobi 5.6.3 (mac64) logging started Tue Aug 26 22:34:31 2014


Gurobi 5.6.3 (mac64) logging started Tue Aug 26 22:35:10 2014


Gurobi 5.6.3 (mac64) logging started Wed Aug 27 13:00:39 2014


Gurobi 5.6.3 (mac64) logging started Wed Aug 27 13:02:10 2014


Gurobi 5.6.3 (mac64) logging started Wed Aug 27 14:31:19 2014


Gurobi 5.6.3 (mac64) logging started Wed Aug 27 14:35:35 2014


Gurobi 5.6.3 (mac64) logging started Wed Aug 27 14:36:49 2014


Gurobi 5.6.3 (mac64) logging started Wed Aug 27 14:37:44 2014


Gurobi 5.6.3 (mac64) logging started Wed Aug 27 14:39:12 2014


Gurobi 5.6.3 (mac64) logging started Wed Aug 27 14:48:35 2014


Gurobi 5.6.3 (mac64) logging started Wed Aug 27 14:51:02 2014


Gurobi 5.6.3 (mac64) logging started Wed Aug 27 14:51:23 2014


Gurobi 5.6.3 (mac64) logging started Wed Aug 27 14:54:11 2014


Gurobi 5.6.3 (mac64) logging started Wed Aug 27 14:54:19 2014


Gurobi 5.6.3 (mac64) logging started Wed Aug 27 14:54:30 2014


Gurobi 5.6.3 (mac64) logging started Wed Aug 27 14:55:00 2014


Gurobi 5.6.3 (mac64) logging started Wed Aug 27 15:00:45 2014


Gurobi 5.6.3 (mac64) logging started Wed Aug 27 15:02:24 2014


Gurobi 5.6.3 (mac64) logging started Wed Aug 27 15:02:42 2014


Gurobi 5.6.3 (mac64) logging started Wed Aug 27 15:03:11 2014


Gurobi 5.6.3 (mac64) logging started Wed Aug 27 15:04:27 2014


Gurobi 5.6.3 (mac64) logging started Wed Aug 27 15:04:39 2014


Gurobi 5.6.3 (mac64) logging started Wed Aug 27 15:04:49 2014


Gurobi 5.6.3 (mac64) logging started Wed Aug 27 15:05:00 2014


Gurobi 5.6.3 (mac64) logging started Wed Aug 27 15:05:33 2014


Gurobi 5.6.3 (mac64) logging started Wed Aug 27 15:05:42 2014


Gurobi 5.6.3 (mac64) logging started Wed Aug 27 15:05:48 2014


Gurobi 5.6.3 (mac64) logging started Wed Aug 27 15:05:53 2014


Gurobi 5.6.3 (mac64) logging started Wed Aug 27 16:45:50 2014


Gurobi 5.6.3 (mac64) logging started Wed Aug 27 16:46:05 2014


Gurobi 5.6.3 (mac64) logging started Wed Aug 27 16:46:37 2014


Gurobi 5.6.3 (mac64) logging started Wed Aug 27 16:47:00 2014


Gurobi 5.6.3 (mac64) logging started Wed Aug 27 16:47:49 2014


Gurobi 5.6.3 (mac64) logging started Wed Aug 27 16:48:04 2014


Gurobi 5.6.3 (mac64) logging started Wed Aug 27 16:48:41 2014


Gurobi 5.6.3 (mac64) logging started Wed Aug 27 16:50:51 2014


Gurobi 5.6.3 (mac64) logging started Wed Aug 27 16:52:30 2014


Gurobi 5.6.3 (mac64) logging started Wed Aug 27 17:00:24 2014


Gurobi 5.6.3 (mac64) logging started Wed Aug 27 17:07:12 2014


Gurobi 5.6.3 (mac64) logging started Wed Aug 27 17:08:18 2014


Gurobi 5.6.3 (mac64) logging started Wed Aug 27 17:30:30 2014


Gurobi 5.6.3 (mac64) logging started Wed Aug 27 17:30:42 2014


Gurobi 5.6.3 (mac64) logging started Wed Aug 27 18:07:54 2014


Gurobi 5.6.3 (mac64) logging started Wed Aug 27 20:53:50 2014


Gurobi 5.6.3 (mac64) logging started Wed Aug 27 23:59:53 2014


Gurobi 5.6.3 (mac64) logging started Thu Aug 28 00:04:38 2014


Gurobi 5.6.3 (mac64) logging started Thu Aug 28 00:09:36 2014


Gurobi 5.6.3 (mac64) logging started Thu Aug 28 00:16:42 2014


Gurobi 5.6.3 (mac64) logging started Thu Aug 28 00:17:24 2014


Gurobi 5.6.3 (mac64) logging started Thu Aug 28 00:17:59 2014


Gurobi 5.6.3 (mac64) logging started Thu Aug 28 00:18:39 2014


Gurobi 5.6.3 (mac64) logging started Thu Aug 28 00:19:30 2014


Gurobi 5.6.3 (mac64) logging started Thu Aug 28 00:19:42 2014


Gurobi 5.6.3 (mac64) logging started Thu Aug 28 00:19:53 2014


Gurobi 5.6.3 (mac64) logging started Thu Aug 28 11:34:10 2014


Gurobi 5.6.3 (mac64) logging started Thu Aug 28 12:09:35 2014


Gurobi 5.6.3 (mac64) logging started Thu Aug 28 12:38:38 2014


Gurobi 5.6.3 (mac64) logging started Thu Aug 28 12:39:28 2014


Gurobi 5.6.3 (mac64) logging started Thu Aug 28 12:40:03 2014


Gurobi 5.6.3 (mac64) logging started Thu Aug 28 12:45:48 2014


Gurobi 5.6.3 (mac64) logging started Thu Aug 28 12:46:13 2014


Gurobi 5.6.3 (mac64) logging started Thu Aug 28 12:53:06 2014


Gurobi 5.6.3 (mac64) logging started Thu Aug 28 12:53:39 2014


Gurobi 5.6.3 (mac64) logging started Thu Aug 28 14:00:04 2014


Gurobi 5.6.3 (mac64) logging started Thu Aug 28 14:28:22 2014


Gurobi 5.6.3 (mac64) logging started Thu Aug 28 14:35:14 2014


Gurobi 5.6.3 (mac64) logging started Thu Aug 28 14:35:36 2014


Gurobi 5.6.3 (mac64) logging started Thu Aug 28 14:36:39 2014


Gurobi 5.6.3 (mac64) logging started Thu Aug 28 14:41:00 2014


Gurobi 5.6.3 (mac64) logging started Thu Aug 28 14:42:01 2014


Gurobi 5.6.3 (mac64) logging started Thu Aug 28 14:42:53 2014


Gurobi 5.6.3 (mac64) logging started Thu Aug 28 14:53:24 2014


Gurobi 5.6.3 (mac64) logging started Thu Aug 28 15:00:36 2014


Gurobi 5.6.3 (mac64) logging started Thu Aug 28 15:01:05 2014


Gurobi 5.6.3 (mac64) logging started Thu Aug 28 15:04:35 2014


Gurobi 5.6.3 (mac64) logging started Thu Aug 28 15:32:21 2014


Gurobi 5.6.3 (mac64) logging started Thu Aug 28 15:32:38 2014


Gurobi 5.6.3 (mac64) logging started Thu Aug 28 15:34:55 2014


Gurobi 5.6.3 (mac64) logging started Thu Aug 28 15:36:15 2014


Gurobi 5.6.3 (mac64) logging started Thu Aug 28 15:36:23 2014


Gurobi 5.6.3 (mac64) logging started Thu Aug 28 15:40:31 2014


Gurobi 5.6.3 (mac64) logging started Thu Aug 28 15:42:15 2014


Gurobi 5.6.3 (mac64) logging started Thu Aug 28 15:43:15 2014


Gurobi 5.6.3 (mac64) logging started Thu Aug 28 15:44:04 2014


Gurobi 5.6.3 (mac64) logging started Thu Aug 28 15:44:55 2014


Gurobi 5.6.3 (mac64) logging started Thu Aug 28 17:50:57 2014


Gurobi 5.6.3 (mac64) logging started Thu Aug 28 17:51:53 2014


Gurobi 5.6.3 (mac64) logging started Thu Aug 28 17:52:20 2014


Gurobi 5.6.3 (mac64) logging started Thu Aug 28 17:55:48 2014


Gurobi 5.6.3 (mac64) logging started Thu Aug 28 23:39:18 2014


Gurobi 5.6.3 (mac64) logging started Thu Aug 28 23:43:12 2014


Gurobi 5.6.3 (mac64) logging started Thu Aug 28 23:44:40 2014


Gurobi 5.6.3 (mac64) logging started Thu Aug 28 23:46:09 2014


Gurobi 5.6.3 (mac64) logging started Thu Aug 28 23:47:04 2014


Gurobi 5.6.3 (mac64) logging started Thu Aug 28 23:48:38 2014


Gurobi 5.6.3 (mac64) logging started Fri Aug 29 00:03:33 2014


Gurobi 5.6.3 (mac64) logging started Fri Aug 29 12:11:38 2014


Gurobi 5.6.3 (mac64) logging started Fri Aug 29 12:12:38 2014


Gurobi 5.6.3 (mac64) logging started Fri Aug 29 12:17:54 2014


Gurobi 5.6.3 (mac64) logging started Fri Aug 29 12:22:30 2014


Gurobi 5.6.3 (mac64) logging started Fri Aug 29 12:23:30 2014


Gurobi 5.6.3 (mac64) logging started Fri Aug 29 12:24:41 2014


Gurobi 5.6.3 (mac64) logging started Fri Aug 29 12:28:03 2014


Gurobi 5.6.3 (mac64) logging started Fri Aug 29 12:29:44 2014


Gurobi 5.6.3 (mac64) logging started Fri Aug 29 12:32:04 2014


Gurobi 5.6.3 (mac64) logging started Fri Aug 29 12:33:41 2014


Gurobi 5.6.3 (mac64) logging started Fri Aug 29 12:34:09 2014


Gurobi 5.6.3 (mac64) logging started Fri Aug 29 12:35:10 2014


Gurobi 5.6.3 (mac64) logging started Fri Aug 29 12:35:45 2014


Gurobi 5.6.3 (mac64) logging started Fri Aug 29 14:16:21 2014


Gurobi 5.6.3 (mac64) logging started Fri Aug 29 14:20:15 2014


Gurobi 5.6.3 (mac64) logging started Fri Aug 29 14:31:15 2014


Gurobi 5.6.3 (mac64) logging started Fri Aug 29 15:08:12 2014


Gurobi 5.6.3 (mac64) logging started Fri Aug 29 15:10:24 2014


Gurobi 5.6.3 (mac64) logging started Fri Aug 29 15:11:10 2014


Gurobi 5.6.3 (mac64) logging started Fri Aug 29 15:47:34 2014


Gurobi 5.6.3 (mac64) logging started Fri Aug 29 15:53:29 2014


Gurobi 5.6.3 (mac64) logging started Fri Aug 29 15:56:58 2014


Gurobi 5.6.3 (mac64) logging started Fri Aug 29 15:59:30 2014


Gurobi 5.6.3 (mac64) logging started Fri Aug 29 18:12:48 2014


Gurobi 5.6.3 (mac64) logging started Sat Aug 30 20:55:34 2014


Gurobi 5.6.3 (mac64) logging started Sat Aug 30 20:55:53 2014


Gurobi 5.6.3 (mac64) logging started Sat Aug 30 20:56:22 2014


Gurobi 5.6.3 (mac64) logging started Sun Aug 31 18:38:17 2014


Gurobi 5.6.3 (mac64) logging started Sun Aug 31 18:51:26 2014


Gurobi 5.6.3 (mac64) logging started Sun Aug 31 18:53:18 2014


Gurobi 5.6.3 (mac64) logging started Sun Aug 31 18:55:25 2014


Gurobi 5.6.3 (mac64) logging started Sun Aug 31 18:58:09 2014


Gurobi 5.6.3 (mac64) logging started Sun Aug 31 18:58:55 2014


Gurobi 5.6.3 (mac64) logging started Sun Aug 31 19:01:00 2014


Gurobi 5.6.3 (mac64) logging started Sun Aug 31 19:03:30 2014


Gurobi 5.6.3 (mac64) logging started Sun Aug 31 20:52:08 2014


Gurobi 5.6.3 (mac64) logging started Sun Aug 31 21:26:24 2014


Gurobi 5.6.3 (mac64) logging started Sun Aug 31 21:28:41 2014


Gurobi 5.6.3 (mac64) logging started Sun Aug 31 21:33:44 2014


Gurobi 5.6.3 (mac64) logging started Sun Aug 31 21:56:44 2014


Gurobi 5.6.3 (mac64) logging started Sun Aug 31 21:57:02 2014


Gurobi 5.6.3 (mac64) logging started Sun Aug 31 21:59:19 2014


Gurobi 5.6.3 (mac64) logging started Sun Aug 31 22:12:23 2014


Gurobi 5.6.3 (mac64) logging started Sun Aug 31 22:23:46 2014


Gurobi 5.6.3 (mac64) logging started Sun Aug 31 22:35:54 2014


Gurobi 5.6.3 (mac64) logging started Sun Aug 31 22:44:57 2014


Gurobi 5.6.3 (mac64) logging started Sun Aug 31 22:47:51 2014


Gurobi 5.6.3 (mac64) logging started Sun Aug 31 23:44:20 2014


Gurobi 5.6.3 (mac64) logging started Mon Sep  1 09:32:51 2014


Gurobi 5.6.3 (mac64) logging started Mon Sep  1 12:57:07 2014


Gurobi 5.6.3 (mac64) logging started Mon Sep  1 12:57:28 2014


Gurobi 5.6.3 (mac64) logging started Mon Sep  1 12:57:40 2014


Gurobi 5.6.3 (mac64) logging started Mon Sep  1 13:21:16 2014


Gurobi 5.6.3 (mac64) logging started Mon Sep  1 13:21:39 2014


Gurobi 5.6.3 (mac64) logging started Mon Sep  1 13:22:56 2014


Gurobi 5.6.3 (mac64) logging started Mon Sep  1 13:23:00 2014


Gurobi 5.6.3 (mac64) logging started Mon Sep  1 13:24:24 2014


Gurobi 5.6.3 (mac64) logging started Mon Sep  1 13:24:42 2014


Gurobi 5.6.3 (mac64) logging started Mon Sep  1 14:53:55 2014


Gurobi 5.6.3 (mac64) logging started Mon Sep  1 14:58:41 2014


Gurobi 5.6.3 (mac64) logging started Mon Sep  1 15:11:19 2014


Gurobi 5.6.3 (mac64) logging started Mon Sep  1 15:11:36 2014


Gurobi 5.6.3 (mac64) logging started Mon Sep  1 15:39:27 2014


Gurobi 5.6.3 (mac64) logging started Mon Sep  1 15:42:02 2014


Gurobi 5.6.3 (mac64) logging started Mon Sep  1 15:44:03 2014


Gurobi 5.6.3 (mac64) logging started Mon Sep  1 16:06:06 2014


Gurobi 5.6.3 (mac64) logging started Mon Sep  1 16:11:59 2014


Gurobi 5.6.3 (mac64) logging started Mon Sep  1 16:25:22 2014


Gurobi 5.6.3 (mac64) logging started Mon Sep  1 16:25:47 2014


Gurobi 5.6.3 (mac64) logging started Mon Sep  1 16:28:01 2014


Gurobi 5.6.3 (mac64) logging started Mon Sep  1 16:29:14 2014


Gurobi 5.6.3 (mac64) logging started Mon Sep  1 19:10:02 2014


Gurobi 5.6.3 (mac64) logging started Mon Sep  1 19:15:55 2014


Gurobi 5.6.3 (mac64) logging started Mon Sep  1 23:37:52 2014


Gurobi 5.6.3 (mac64) logging started Mon Sep  1 23:50:39 2014


Gurobi 5.6.3 (mac64) logging started Mon Sep  1 23:56:02 2014


Gurobi 5.6.3 (mac64) logging started Mon Sep  1 23:57:13 2014


Gurobi 5.6.3 (mac64) logging started Mon Sep  1 23:58:30 2014


Gurobi 5.6.3 (mac64) logging started Mon Sep  1 23:59:04 2014


Gurobi 5.6.3 (mac64) logging started Mon Sep  1 23:59:23 2014


Gurobi 5.6.3 (mac64) logging started Tue Sep  2 00:00:18 2014


Gurobi 5.6.3 (mac64) logging started Tue Sep  2 09:47:29 2014


Gurobi 5.6.3 (mac64) logging started Tue Sep  2 10:07:39 2014


Gurobi 5.6.3 (mac64) logging started Tue Sep  2 10:22:12 2014


Gurobi 5.6.3 (mac64) logging started Tue Sep  2 14:43:57 2014


Gurobi 5.6.3 (mac64) logging started Tue Sep  2 15:49:13 2014


Gurobi 5.6.3 (mac64) logging started Tue Sep  2 16:06:01 2014


Gurobi 5.6.3 (mac64) logging started Tue Sep  2 16:07:37 2014


Gurobi 5.6.3 (mac64) logging started Tue Sep  2 16:11:26 2014


Gurobi 5.6.3 (mac64) logging started Tue Sep  2 16:32:49 2014


Gurobi 5.6.3 (mac64) logging started Tue Sep  2 16:36:17 2014


Gurobi 5.6.3 (mac64) logging started Tue Sep  2 16:38:18 2014


Gurobi 5.6.3 (mac64) logging started Tue Sep  2 19:53:22 2014


Gurobi 5.6.3 (mac64) logging started Tue Sep  2 20:08:55 2014


Gurobi 5.6.3 (mac64) logging started Wed Sep  3 10:53:12 2014


Gurobi 5.6.3 (mac64) logging started Wed Sep  3 10:53:26 2014


Gurobi 5.6.3 (mac64) logging started Wed Sep  3 10:55:33 2014


Gurobi 5.6.3 (mac64) logging started Wed Sep  3 11:11:08 2014


Gurobi 5.6.3 (mac64) logging started Wed Sep  3 11:46:00 2014


Gurobi 5.6.3 (mac64) logging started Wed Sep  3 11:56:51 2014


Gurobi 5.6.3 (mac64) logging started Wed Sep  3 11:57:09 2014


Gurobi 5.6.3 (mac64) logging started Wed Sep  3 12:00:04 2014


Gurobi 5.6.3 (mac64) logging started Wed Sep  3 12:03:03 2014


Gurobi 5.6.3 (mac64) logging started Wed Sep  3 12:10:20 2014


Gurobi 5.6.3 (mac64) logging started Wed Sep  3 12:17:01 2014


Gurobi 5.6.3 (mac64) logging started Wed Sep  3 12:23:58 2014


Gurobi 5.6.3 (mac64) logging started Wed Sep  3 12:39:04 2014


Gurobi 5.6.3 (mac64) logging started Wed Sep  3 12:40:27 2014


Gurobi 5.6.3 (mac64) logging started Wed Sep  3 12:40:55 2014


Gurobi 5.6.3 (mac64) logging started Wed Sep  3 12:41:58 2014


Gurobi 5.6.3 (mac64) logging started Wed Sep  3 12:55:55 2014


Gurobi 5.6.3 (mac64) logging started Wed Sep  3 12:56:46 2014


Gurobi 5.6.3 (mac64) logging started Wed Sep  3 12:58:30 2014


Gurobi 5.6.3 (mac64) logging started Wed Sep  3 13:00:02 2014


Gurobi 5.6.3 (mac64) logging started Wed Sep  3 15:01:23 2014


Gurobi 5.6.3 (mac64) logging started Wed Sep  3 15:05:18 2014


Gurobi 5.6.3 (mac64) logging started Wed Sep  3 15:05:19 2014


Gurobi 5.6.3 (mac64) logging started Wed Sep  3 15:14:12 2014


Gurobi 5.6.3 (mac64) logging started Wed Sep  3 15:26:02 2014


Gurobi 5.6.3 (mac64) logging started Wed Sep  3 15:26:04 2014


Gurobi 5.6.3 (mac64) logging started Wed Sep  3 15:26:09 2014


Gurobi 5.6.3 (mac64) logging started Wed Sep  3 15:26:23 2014


Gurobi 5.6.3 (mac64) logging started Wed Sep  3 15:26:25 2014


Gurobi 5.6.3 (mac64) logging started Wed Sep  3 15:26:35 2014


Gurobi 5.6.3 (mac64) logging started Wed Sep  3 15:26:41 2014


Gurobi 5.6.3 (mac64) logging started Wed Sep  3 15:27:45 2014


Gurobi 5.6.3 (mac64) logging started Wed Sep  3 15:28:36 2014


Gurobi 5.6.3 (mac64) logging started Thu Sep  4 14:52:37 2014


Gurobi 5.6.3 (mac64) logging started Thu Sep  4 14:52:47 2014


Gurobi 5.6.3 (mac64) logging started Thu Sep  4 14:52:55 2014


Gurobi 5.6.3 (mac64) logging started Thu Sep  4 14:53:44 2014


Gurobi 5.6.3 (mac64) logging started Thu Sep  4 14:54:20 2014


Gurobi 5.6.3 (mac64) logging started Thu Sep  4 14:54:51 2014


Gurobi 5.6.3 (mac64) logging started Thu Sep  4 14:55:17 2014


Gurobi 5.6.3 (mac64) logging started Thu Sep  4 14:56:16 2014


Gurobi 5.6.3 (mac64) logging started Thu Sep  4 14:57:15 2014


Gurobi 5.6.3 (mac64) logging started Thu Sep  4 14:58:44 2014


Gurobi 5.6.3 (mac64) logging started Thu Sep  4 15:03:31 2014


Gurobi 5.6.3 (mac64) logging started Thu Sep  4 15:04:13 2014


Gurobi 5.6.3 (mac64) logging started Thu Sep  4 15:04:31 2014


Gurobi 5.6.3 (mac64) logging started Thu Sep  4 15:05:18 2014


Gurobi 5.6.3 (mac64) logging started Thu Sep  4 15:06:59 2014

Optimize a model with 0 rows, 126 columns and 0 nonzeros
Model has 242 quadratic constraints
Presolve time: 0.00s

Gurobi 5.6.3 (mac64) logging started Thu Sep  4 15:10:15 2014

Optimize a model with 0 rows, 126 columns and 0 nonzeros
Model has 242 quadratic constraints
Presolve time: 0.00s

Gurobi 5.6.3 (mac64) logging started Thu Sep  4 15:11:09 2014

Optimize a model with 0 rows, 126 columns and 0 nonzeros
Model has 121 quadratic constraints
Presolve time: 0.00s

Gurobi 5.6.3 (mac64) logging started Thu Sep  4 16:02:25 2014

Optimize a model with 0 rows, 126 columns and 0 nonzeros
Model has 121 quadratic constraints
Presolve time: 0.01s

Gurobi 5.6.3 (mac64) logging started Thu Sep  4 16:03:14 2014

Optimize a model with 0 rows, 126 columns and 0 nonzeros
Model has 121 quadratic constraints
Presolve time: 0.00s

Gurobi 5.6.3 (mac64) logging started Thu Sep  4 16:14:17 2014

Optimize a model with 0 rows, 126 columns and 0 nonzeros
Model has 121 quadratic constraints
Presolve time: 0.00s

Gurobi 5.6.3 (mac64) logging started Thu Sep  4 16:14:38 2014

Optimize a model with 0 rows, 126 columns and 0 nonzeros
Model has 121 quadratic constraints
Presolve time: 0.00s

Gurobi 5.6.3 (mac64) logging started Thu Sep  4 16:27:55 2014

Optimize a model with 0 rows, 126 columns and 0 nonzeros
Model has 121 quadratic constraints
Presolve time: 0.00s

Gurobi 5.6.3 (mac64) logging started Thu Sep  4 16:28:54 2014

Optimize a model with 0 rows, 126 columns and 0 nonzeros
Model has 121 quadratic constraints
Presolve time: 0.00s

Gurobi 5.6.3 (mac64) logging started Thu Sep  4 16:47:02 2014

Optimize a model with 0 rows, 126 columns and 0 nonzeros
Model has 242 quadratic constraints
Presolve time: 0.00s

Gurobi 5.6.3 (mac64) logging started Thu Sep  4 16:50:32 2014

Optimize a model with 0 rows, 126 columns and 0 nonzeros
Model has 242 quadratic constraints
Presolve time: 0.00s

Gurobi 5.6.3 (mac64) logging started Thu Sep  4 16:59:40 2014

Optimize a model with 0 rows, 126 columns and 0 nonzeros
Model has 242 quadratic constraints
Presolve time: 0.00s

Gurobi 5.6.3 (mac64) logging started Thu Sep  4 17:00:50 2014

Optimize a model with 0 rows, 126 columns and 0 nonzeros
Presolve removed 0 rows and 126 columns
Presolve time: 0.00s
Presolve: All rows and columns removed
Iteration    Objective       Primal Inf.    Dual Inf.      Time
       0    0.0000000e+00   0.000000e+00   0.000000e+00      0s

Solved in 0 iterations and 0.06 seconds
Optimal objective  0.000000000e+00

Gurobi 5.6.3 (mac64) logging started Thu Sep  4 17:02:15 2014

Optimize a model with 0 rows, 126 columns and 0 nonzeros
Model has 81 quadratic constraints
Presolve removed 0 rows and 126 columns
Presolve time: 0.00s
Presolve: All rows and columns removed

Barrier solved model in 0 iterations and 0.00 seconds
Optimal objective 0.00000000e+00

Gurobi 5.6.3 (mac64) logging started Thu Sep  4 17:03:19 2014

Optimize a model with 0 rows, 126 columns and 0 nonzeros
Model has 81 quadratic constraints
Presolve removed 0 rows and 40 columns
Presolve time: 0.00s

Gurobi 5.6.3 (mac64) logging started Thu Sep  4 17:04:20 2014

Optimize a model with 0 rows, 126 columns and 0 nonzeros
Model has 81 quadratic constraints
Presolve removed 0 rows and 40 columns
Presolve time: 0.00s

Gurobi 5.6.3 (mac64) logging started Thu Sep  4 17:04:45 2014

Optimize a model with 0 rows, 126 columns and 0 nonzeros
Model has 81 quadratic constraints
Presolve removed 0 rows and 126 columns
Presolve time: 0.00s
Presolve: All rows and columns removed

Barrier solved model in 0 iterations and 0.00 seconds
Optimal objective 0.00000000e+00

Gurobi 5.6.3 (mac64) logging started Thu Sep  4 17:06:19 2014

Optimize a model with 0 rows, 126 columns and 0 nonzeros
Model has 81 quadratic constraints
Presolve removed 0 rows and 40 columns
Presolve time: 0.00s

Gurobi 5.6.3 (mac64) logging started Thu Sep  4 17:06:42 2014

Optimize a model with 0 rows, 126 columns and 0 nonzeros
Model has 81 quadratic constraints
Presolve removed 0 rows and 126 columns
Presolve time: 0.00s
Presolve: All rows and columns removed

Barrier solved model in 0 iterations and 0.00 seconds
Optimal objective 0.00000000e+00

Gurobi 5.6.3 (mac64) logging started Thu Sep  4 17:06:53 2014

Optimize a model with 0 rows, 126 columns and 0 nonzeros
Model has 81 quadratic constraints
Presolve removed 0 rows and 40 columns
Presolve time: 0.00s

Gurobi 5.6.3 (mac64) logging started Sat Sep  6 15:41:47 2014

Optimize a model with 0 rows, 126 columns and 0 nonzeros
Model has 81 quadratic constraints
Presolve removed 0 rows and 40 columns
Presolve time: 0.00s

Gurobi 5.6.3 (mac64) logging started Sat Sep  6 18:01:23 2014


Gurobi 5.6.3 (mac64) logging started Sat Sep  6 18:01:35 2014


Gurobi 5.6.3 (mac64) logging started Sat Sep  6 18:01:57 2014


Gurobi 5.6.3 (mac64) logging started Sat Sep  6 18:04:00 2014


Gurobi 5.6.3 (mac64) logging started Sat Sep  6 18:08:26 2014


Gurobi 5.6.3 (mac64) logging started Sat Sep  6 18:13:04 2014


Gurobi 5.6.3 (mac64) logging started Sat Sep  6 18:13:12 2014


Gurobi 5.6.3 (mac64) logging started Sat Sep  6 18:13:26 2014


Gurobi 5.6.3 (mac64) logging started Sat Sep  6 18:15:03 2014


Gurobi 5.6.3 (mac64) logging started Sat Sep  6 18:16:38 2014


Gurobi 5.6.3 (mac64) logging started Sat Sep  6 18:19:29 2014


Gurobi 5.6.3 (mac64) logging started Sat Sep  6 18:19:50 2014


Gurobi 5.6.3 (mac64) logging started Sat Sep  6 18:24:40 2014


Gurobi 5.6.3 (mac64) logging started Sat Sep  6 18:25:02 2014


Gurobi 5.6.3 (mac64) logging started Sat Sep  6 18:33:01 2014


Gurobi 5.6.3 (mac64) logging started Sat Sep  6 18:33:26 2014


Gurobi 5.6.3 (mac64) logging started Sat Sep  6 18:33:48 2014


Gurobi 5.6.3 (mac64) logging started Sat Sep  6 18:34:18 2014


Gurobi 5.6.3 (mac64) logging started Mon Sep  8 12:36:36 2014


Gurobi 5.6.3 (mac64) logging started Mon Sep  8 13:35:51 2014


Gurobi 5.6.3 (mac64) logging started Mon Sep  8 15:27:07 2014


Gurobi 5.6.3 (mac64) logging started Mon Sep  8 16:11:28 2014


Gurobi 5.6.3 (mac64) logging started Mon Sep  8 16:12:47 2014


Gurobi 5.6.3 (mac64) logging started Mon Sep  8 16:12:57 2014


Gurobi 5.6.3 (mac64) logging started Mon Sep  8 16:13:12 2014


Gurobi 5.6.3 (mac64) logging started Mon Sep  8 16:15:47 2014


Gurobi 5.6.3 (mac64) logging started Mon Sep  8 16:20:22 2014


Gurobi 5.6.3 (mac64) logging started Mon Sep  8 16:36:32 2014


Gurobi 5.6.3 (mac64) logging started Mon Sep  8 16:38:55 2014


Gurobi 5.6.3 (mac64) logging started Mon Sep  8 16:52:54 2014


Gurobi 5.6.3 (mac64) logging started Mon Sep  8 16:53:33 2014


Gurobi 5.6.3 (mac64) logging started Mon Sep  8 16:53:39 2014


Gurobi 5.6.3 (mac64) logging started Mon Sep  8 16:57:54 2014


Gurobi 5.6.3 (mac64) logging started Mon Sep  8 17:03:00 2014


Gurobi 5.6.3 (mac64) logging started Mon Sep  8 17:18:10 2014


Gurobi 5.6.3 (mac64) logging started Tue Sep  9 00:01:30 2014


Gurobi 5.6.3 (mac64) logging started Tue Sep  9 00:02:40 2014


Gurobi 5.6.3 (mac64) logging started Tue Sep  9 00:16:16 2014


Gurobi 5.6.3 (mac64) logging started Tue Sep  9 10:38:09 2014


Gurobi 5.6.3 (mac64) logging started Tue Sep  9 10:44:28 2014


Gurobi 5.6.3 (mac64) logging started Tue Sep  9 11:41:54 2014


Gurobi 5.6.3 (mac64) logging started Tue Sep  9 11:42:30 2014


Gurobi 5.6.3 (mac64) logging started Tue Sep  9 11:55:48 2014


Gurobi 5.6.3 (mac64) logging started Tue Sep  9 11:58:05 2014


Gurobi 5.6.3 (mac64) logging started Tue Sep  9 12:00:03 2014


Gurobi 5.6.3 (mac64) logging started Tue Sep  9 12:02:21 2014


Gurobi 5.6.3 (mac64) logging started Tue Sep  9 15:32:43 2014


Gurobi 5.6.3 (mac64) logging started Tue Sep  9 15:39:29 2014


Gurobi 5.6.3 (mac64) logging started Tue Sep  9 16:28:31 2014


Gurobi 5.6.3 (mac64) logging started Tue Sep  9 16:50:41 2014


Gurobi 5.6.3 (mac64) logging started Tue Sep  9 16:52:42 2014


Gurobi 5.6.3 (mac64) logging started Tue Sep  9 17:03:07 2014


Gurobi 5.6.3 (mac64) logging started Mon Sep 22 12:34:19 2014


Gurobi 5.6.3 (mac64) logging started Mon Sep 22 12:34:31 2014


Gurobi 5.6.3 (mac64) logging started Mon Sep 22 12:35:30 2014


Gurobi 5.6.3 (mac64) logging started Mon Sep 22 12:36:07 2014


Gurobi 5.6.3 (mac64) logging started Mon Sep 22 12:43:36 2014


Gurobi 5.6.3 (mac64) logging started Mon Sep 22 12:44:24 2014


Gurobi 5.6.3 (mac64) logging started Mon Sep 22 15:35:49 2014


Gurobi 5.6.3 (mac64) logging started Mon Sep 22 15:44:21 2014


Gurobi 5.6.3 (mac64) logging started Mon Sep 22 15:49:02 2014


Gurobi 5.6.3 (mac64) logging started Mon Sep 22 15:51:38 2014


Gurobi 5.6.3 (mac64) logging started Mon Sep 22 15:53:31 2014


Gurobi 5.6.3 (mac64) logging started Mon Sep 22 15:58:43 2014


Gurobi 5.6.3 (mac64) logging started Mon Sep 22 15:58:49 2014


Gurobi 5.6.3 (mac64) logging started Mon Sep 22 18:45:13 2014


Gurobi 5.6.3 (mac64) logging started Mon Sep 22 18:46:39 2014


Gurobi 5.6.3 (mac64) logging started Tue Sep 23 00:43:43 2014


Gurobi 5.6.3 (mac64) logging started Tue Sep 23 00:43:46 2014


Gurobi 5.6.3 (mac64) logging started Tue Sep 23 10:51:18 2014


Gurobi 5.6.3 (mac64) logging started Tue Sep 23 11:08:31 2014


Gurobi 5.6.3 (mac64) logging started Tue Sep 23 11:13:40 2014


Gurobi 5.6.3 (mac64) logging started Tue Sep 23 11:14:32 2014


Gurobi 5.6.3 (mac64) logging started Tue Sep 23 11:15:12 2014


Gurobi 5.6.3 (mac64) logging started Tue Sep 23 11:23:38 2014


Gurobi 5.6.3 (mac64) logging started Tue Sep 23 11:47:22 2014


Gurobi 5.6.3 (mac64) logging started Tue Sep 23 11:48:49 2014


Gurobi 5.6.3 (mac64) logging started Tue Sep 23 12:25:06 2014


Gurobi 5.6.3 (mac64) logging started Tue Sep 23 12:30:33 2014


Gurobi 5.6.3 (mac64) logging started Tue Sep 23 12:30:53 2014


Gurobi 5.6.3 (mac64) logging started Tue Sep 23 13:15:36 2014


Gurobi 5.6.3 (mac64) logging started Tue Sep 23 13:30:34 2014


Gurobi 5.6.3 (mac64) logging started Tue Sep 23 13:31:36 2014


Gurobi 5.6.3 (mac64) logging started Tue Sep 23 13:31:58 2014


Gurobi 5.6.3 (mac64) logging started Tue Sep 23 13:32:19 2014


Gurobi 5.6.3 (mac64) logging started Tue Sep 23 13:32:58 2014


Gurobi 5.6.3 (mac64) logging started Tue Sep 23 13:34:06 2014


Gurobi 5.6.3 (mac64) logging started Tue Sep 23 13:34:40 2014


Gurobi 5.6.3 (mac64) logging started Tue Sep 23 14:04:36 2014


Gurobi 5.6.3 (mac64) logging started Tue Sep 23 14:13:04 2014


Gurobi 5.6.3 (mac64) logging started Tue Sep 23 14:44:05 2014


Gurobi 5.6.3 (mac64) logging started Tue Sep 23 14:49:26 2014


Gurobi 5.6.3 (mac64) logging started Tue Sep 23 14:55:47 2014


Gurobi 5.6.3 (mac64) logging started Tue Sep 23 15:02:14 2014


Gurobi 5.6.3 (mac64) logging started Tue Sep 23 15:22:22 2014


Gurobi 5.6.3 (mac64) logging started Tue Sep 23 16:03:43 2014


Gurobi 5.6.3 (mac64) logging started Tue Sep 23 16:03:53 2014


Gurobi 5.6.3 (mac64) logging started Tue Sep 23 16:04:18 2014


Gurobi 5.6.3 (mac64) logging started Tue Sep 23 16:04:25 2014


Gurobi 5.6.3 (mac64) logging started Tue Sep 23 16:05:32 2014


Gurobi 5.6.3 (mac64) logging started Tue Sep 23 16:05:39 2014


Gurobi 5.6.3 (mac64) logging started Tue Sep 23 16:28:46 2014


Gurobi 5.6.3 (mac64) logging started Tue Sep 23 16:29:50 2014


Gurobi 5.6.3 (mac64) logging started Tue Sep 23 16:30:48 2014


Gurobi 5.6.3 (mac64) logging started Tue Sep 23 16:55:05 2014


Gurobi 5.6.3 (mac64) logging started Tue Sep 23 18:28:39 2014


Gurobi 5.6.3 (mac64) logging started Tue Sep 23 18:57:02 2014


Gurobi 5.6.3 (mac64) logging started Tue Sep 23 18:57:27 2014


Gurobi 5.6.3 (mac64) logging started Tue Sep 23 19:16:20 2014


Gurobi 5.6.3 (mac64) logging started Tue Sep 23 19:16:37 2014


Gurobi 5.6.3 (mac64) logging started Tue Sep 23 19:17:14 2014


Gurobi 5.6.3 (mac64) logging started Tue Sep 23 19:17:46 2014


Gurobi 5.6.3 (mac64) logging started Tue Sep 23 19:18:33 2014


Gurobi 5.6.3 (mac64) logging started Tue Sep 23 19:21:24 2014


Gurobi 5.6.3 (mac64) logging started Tue Sep 23 19:41:45 2014


Gurobi 5.6.3 (mac64) logging started Tue Sep 23 19:47:52 2014


Gurobi 5.6.3 (mac64) logging started Tue Sep 23 19:49:28 2014


Gurobi 5.6.3 (mac64) logging started Wed Sep 24 11:00:15 2014


Gurobi 5.6.3 (mac64) logging started Wed Sep 24 11:10:26 2014


Gurobi 5.6.3 (mac64) logging started Wed Sep 24 11:11:21 2014


Gurobi 5.6.3 (mac64) logging started Wed Sep 24 11:13:18 2014


Gurobi 5.6.3 (mac64) logging started Wed Sep 24 11:14:22 2014


Gurobi 5.6.3 (mac64) logging started Wed Sep 24 11:32:23 2014


Gurobi 5.6.3 (mac64) logging started Wed Sep 24 11:33:08 2014


Gurobi 5.6.3 (mac64) logging started Wed Sep 24 11:34:01 2014


Gurobi 5.6.3 (mac64) logging started Wed Sep 24 11:37:47 2014


Gurobi 5.6.3 (mac64) logging started Wed Sep 24 11:38:14 2014


Gurobi 5.6.3 (mac64) logging started Wed Sep 24 14:32:36 2014


Gurobi 5.6.3 (mac64) logging started Wed Sep 24 14:34:47 2014


Gurobi 5.6.3 (mac64) logging started Wed Sep 24 14:44:59 2014


Gurobi 5.6.3 (mac64) logging started Wed Sep 24 14:45:47 2014


Gurobi 5.6.3 (mac64) logging started Wed Sep 24 15:25:20 2014


Gurobi 5.6.3 (mac64) logging started Wed Sep 24 15:26:09 2014


Gurobi 5.6.3 (mac64) logging started Thu Sep 25 16:00:43 2014


Gurobi 5.6.3 (mac64) logging started Thu Sep 25 16:01:08 2014


Gurobi 5.6.3 (mac64) logging started Thu Sep 25 16:04:20 2014


Gurobi 5.6.3 (mac64) logging started Thu Sep 25 16:07:29 2014


Gurobi 5.6.3 (mac64) logging started Thu Sep 25 16:25:28 2014


Gurobi 5.6.3 (mac64) logging started Thu Sep 25 16:30:05 2014


Gurobi 5.6.3 (mac64) logging started Thu Sep 25 16:31:04 2014


Gurobi 5.6.3 (mac64) logging started Thu Sep 25 16:31:56 2014


Gurobi 5.6.3 (mac64) logging started Thu Sep 25 20:00:18 2014


Gurobi 5.6.3 (mac64) logging started Thu Sep 25 20:01:57 2014


Gurobi 5.6.3 (mac64) logging started Thu Sep 25 20:03:15 2014


Gurobi 5.6.3 (mac64) logging started Thu Sep 25 20:13:40 2014


Gurobi 5.6.3 (mac64) logging started Thu Sep 25 20:15:03 2014


Gurobi 5.6.3 (mac64) logging started Thu Sep 25 20:17:29 2014


Gurobi 5.6.3 (mac64) logging started Thu Sep 25 20:21:37 2014


Gurobi 5.6.3 (mac64) logging started Thu Sep 25 20:42:34 2014


Gurobi 5.6.3 (mac64) logging started Fri Sep 26 15:29:30 2014


Gurobi 5.6.3 (mac64) logging started Fri Sep 26 15:30:25 2014


Gurobi 5.6.3 (mac64) logging started Fri Sep 26 15:38:18 2014


Gurobi 5.6.3 (mac64) logging started Fri Sep 26 15:39:04 2014


Gurobi 5.6.3 (mac64) logging started Fri Sep 26 15:45:36 2014


Gurobi 5.6.3 (mac64) logging started Fri Sep 26 15:49:38 2014


Gurobi 5.6.3 (mac64) logging started Fri Sep 26 15:52:47 2014


Gurobi 5.6.3 (mac64) logging started Fri Sep 26 15:55:47 2014


Gurobi 5.6.3 (mac64) logging started Fri Sep 26 15:58:16 2014


Gurobi 5.6.3 (mac64) logging started Sun Sep 28 21:44:05 2014


Gurobi 5.6.3 (mac64) logging started Sun Sep 28 21:44:52 2014


Gurobi 5.6.3 (mac64) logging started Sun Sep 28 21:46:42 2014


Gurobi 5.6.3 (mac64) logging started Sun Sep 28 22:18:39 2014


Gurobi 5.6.3 (mac64) logging started Sun Sep 28 22:30:12 2014


Gurobi 5.6.3 (mac64) logging started Sun Sep 28 23:31:41 2014


Gurobi 5.6.3 (mac64) logging started Sun Sep 28 23:39:05 2014


Gurobi 5.6.3 (mac64) logging started Sun Sep 28 23:43:28 2014


Gurobi 5.6.3 (mac64) logging started Sun Sep 28 23:47:41 2014


Gurobi 5.6.3 (mac64) logging started Sun Sep 28 23:48:35 2014


Gurobi 5.6.3 (mac64) logging started Sun Sep 28 23:56:02 2014


Gurobi 5.6.3 (mac64) logging started Mon Sep 29 00:07:40 2014


Gurobi 5.6.3 (mac64) logging started Mon Sep 29 00:33:06 2014


Gurobi 5.6.3 (mac64) logging started Mon Sep 29 13:27:09 2014


Gurobi 5.6.3 (mac64) logging started Mon Sep 29 13:28:11 2014


Gurobi 5.6.3 (mac64) logging started Mon Sep 29 13:35:41 2014


Gurobi 5.6.3 (mac64) logging started Mon Sep 29 13:36:27 2014


Gurobi 5.6.3 (mac64) logging started Mon Sep 29 13:37:41 2014


Gurobi 5.6.3 (mac64) logging started Mon Sep 29 13:40:09 2014


Gurobi 5.6.3 (mac64) logging started Mon Sep 29 13:47:50 2014


Gurobi 5.6.3 (mac64) logging started Mon Sep 29 13:49:27 2014


Gurobi 5.6.3 (mac64) logging started Mon Sep 29 17:08:02 2014


Gurobi 5.6.3 (mac64) logging started Mon Sep 29 17:18:34 2014


Gurobi 5.6.3 (mac64) logging started Mon Oct  6 10:30:38 2014


Gurobi 5.6.3 (mac64) logging started Fri Nov  7 17:02:59 2014


Gurobi 5.6.3 (mac64) logging started Fri Nov  7 17:08:10 2014


Gurobi 5.6.3 (mac64) logging started Fri Nov  7 17:08:51 2014


Gurobi 5.6.3 (mac64) logging started Fri Nov  7 17:09:24 2014


Gurobi 5.6.3 (mac64) logging started Fri Nov  7 17:12:07 2014


Gurobi 5.6.3 (mac64) logging started Fri Nov  7 17:13:49 2014


Gurobi 5.6.3 (mac64) logging started Fri Nov  7 17:26:13 2014


Gurobi 5.6.3 (mac64) logging started Fri Nov  7 17:26:25 2014


Gurobi 5.6.3 (mac64) logging started Fri Nov  7 17:32:38 2014


Gurobi 5.6.3 (mac64) logging started Fri Nov  7 17:40:27 2014


Gurobi 5.6.3 (mac64) logging started Fri Nov  7 17:40:48 2014


Gurobi 5.6.3 (mac64) logging started Fri Nov  7 17:53:36 2014


Gurobi 5.6.3 (mac64) logging started Fri Nov  7 17:53:54 2014


Gurobi 5.6.3 (mac64) logging started Fri Nov  7 17:55:53 2014


Gurobi 5.6.3 (mac64) logging started Fri Nov  7 18:10:52 2014


Gurobi 5.6.3 (mac64) logging started Fri Nov  7 18:11:28 2014


Gurobi 5.6.3 (mac64) logging started Fri Nov  7 18:11:45 2014


Gurobi 5.6.3 (mac64) logging started Fri Nov  7 18:58:52 2014


Gurobi 5.6.3 (mac64) logging started Fri Nov  7 18:59:36 2014


Gurobi 5.6.3 (mac64) logging started Fri Nov  7 19:01:00 2014


Gurobi 5.6.3 (mac64) logging started Fri Nov  7 19:01:10 2014


Gurobi 5.6.3 (mac64) logging started Fri Nov  7 19:01:56 2014


Gurobi 5.6.3 (mac64) logging started Fri Nov  7 19:03:22 2014


Gurobi 5.6.3 (mac64) logging started Fri Nov  7 19:03:58 2014


Gurobi 5.6.3 (mac64) logging started Mon Nov 10 12:07:30 2014


Gurobi 5.6.3 (mac64) logging started Mon Nov 10 12:12:24 2014


Gurobi 5.6.3 (mac64) logging started Mon Nov 10 12:13:16 2014


Gurobi 5.6.3 (mac64) logging started Mon Nov 10 12:13:37 2014


Gurobi 5.6.3 (mac64) logging started Mon Nov 10 12:32:00 2014


Gurobi 5.6.3 (mac64) logging started Mon Nov 10 14:32:35 2014


Gurobi 5.6.3 (mac64) logging started Mon Nov 10 14:52:59 2014


Gurobi 5.6.3 (mac64) logging started Mon Nov 10 15:30:47 2014


Gurobi 5.6.3 (mac64) logging started Mon Nov 10 15:31:34 2014


Gurobi 5.6.3 (mac64) logging started Mon Nov 10 15:31:46 2014


Gurobi 5.6.3 (mac64) logging started Mon Nov 10 15:32:05 2014


Gurobi 5.6.3 (mac64) logging started Mon Nov 10 15:41:46 2014


Gurobi 5.6.3 (mac64) logging started Mon Nov 10 15:42:52 2014


Gurobi 5.6.3 (mac64) logging started Mon Nov 10 15:45:55 2014


Gurobi 5.6.3 (mac64) logging started Wed Nov 12 16:46:31 2014


Gurobi 5.6.3 (mac64) logging started Wed Nov 12 16:47:23 2014


Gurobi 5.6.3 (mac64) logging started Wed Nov 12 18:18:37 2014


Gurobi 5.6.3 (mac64) logging started Wed Nov 12 18:23:40 2014


Gurobi 5.6.3 (mac64) logging started Wed Nov 12 18:31:00 2014


Gurobi 5.6.3 (mac64) logging started Wed Nov 12 18:32:33 2014


Gurobi 5.6.3 (mac64) logging started Wed Nov 12 18:36:51 2014


Gurobi 5.6.3 (mac64) logging started Wed Nov 12 18:46:22 2014


Gurobi 5.6.3 (mac64) logging started Thu Nov 13 11:07:35 2014


Gurobi 5.6.3 (mac64) logging started Thu Nov 13 11:15:36 2014


Gurobi 5.6.3 (mac64) logging started Thu Nov 13 11:25:08 2014


Gurobi 5.6.3 (mac64) logging started Thu Nov 13 12:31:36 2014


Gurobi 5.6.3 (mac64) logging started Thu Nov 13 12:31:58 2014


Gurobi 5.6.3 (mac64) logging started Thu Nov 13 12:38:53 2014


Gurobi 5.6.3 (mac64) logging started Thu Nov 13 12:42:22 2014


Gurobi 5.6.3 (mac64) logging started Thu Nov 13 12:57:08 2014


Gurobi 5.6.3 (mac64) logging started Thu Nov 13 12:57:17 2014


Gurobi 5.6.3 (mac64) logging started Thu Nov 13 12:57:31 2014


Gurobi 5.6.3 (mac64) logging started Thu Nov 13 13:02:06 2014


Gurobi 5.6.3 (mac64) logging started Thu Nov 13 13:04:51 2014


Gurobi 5.6.3 (mac64) logging started Thu Nov 13 14:19:29 2014


Gurobi 5.6.3 (mac64) logging started Thu Nov 13 14:21:54 2014


Gurobi 5.6.3 (mac64) logging started Thu Nov 13 14:34:51 2014


Gurobi 5.6.3 (mac64) logging started Thu Nov 13 14:44:41 2014


Gurobi 5.6.3 (mac64) logging started Thu Nov 13 15:05:58 2014


Gurobi 5.6.3 (mac64) logging started Thu Nov 13 15:17:27 2014


Gurobi 5.6.3 (mac64) logging started Thu Nov 13 15:27:18 2014


Gurobi 5.6.3 (mac64) logging started Thu Nov 13 15:34:34 2014


Gurobi 5.6.3 (mac64) logging started Thu Nov 13 15:35:32 2014


Gurobi 5.6.3 (mac64) logging started Thu Nov 13 15:53:44 2014


Gurobi 5.6.3 (mac64) logging started Thu Nov 13 15:55:24 2014


Gurobi 5.6.3 (mac64) logging started Thu Nov 13 15:59:56 2014


Gurobi 5.6.3 (mac64) logging started Thu Nov 13 16:12:48 2014


Gurobi 5.6.3 (mac64) logging started Thu Nov 13 16:14:31 2014


Gurobi 5.6.3 (mac64) logging started Thu Nov 13 16:15:44 2014


Gurobi 5.6.3 (mac64) logging started Thu Nov 13 16:19:19 2014


Gurobi 5.6.3 (mac64) logging started Thu Nov 13 16:59:45 2014


Gurobi 5.6.3 (mac64) logging started Thu Nov 13 17:13:05 2014


Gurobi 5.6.3 (mac64) logging started Thu Nov 13 17:28:53 2014


Gurobi 5.6.3 (mac64) logging started Thu Nov 13 17:29:27 2014


Gurobi 5.6.3 (mac64) logging started Thu Nov 13 17:30:01 2014


Gurobi 5.6.3 (mac64) logging started Thu Nov 13 17:30:42 2014


Gurobi 5.6.3 (mac64) logging started Thu Nov 13 17:31:19 2014


Gurobi 5.6.3 (mac64) logging started Thu Nov 13 17:32:29 2014


Gurobi 5.6.3 (mac64) logging started Thu Nov 13 17:34:47 2014


Gurobi 5.6.3 (mac64) logging started Thu Nov 13 17:35:31 2014


Gurobi 5.6.3 (mac64) logging started Thu Nov 13 17:36:09 2014


Gurobi 5.6.3 (mac64) logging started Thu Nov 13 17:36:35 2014


Gurobi 5.6.3 (mac64) logging started Thu Nov 13 17:37:56 2014


Gurobi 5.6.3 (mac64) logging started Thu Nov 13 17:38:23 2014


Gurobi 5.6.3 (mac64) logging started Thu Nov 13 17:39:52 2014


Gurobi 5.6.3 (mac64) logging started Thu Nov 13 17:49:48 2014


Gurobi 5.6.3 (mac64) logging started Thu Nov 13 17:51:43 2014


Gurobi 5.6.3 (mac64) logging started Thu Nov 13 17:52:12 2014


Gurobi 5.6.3 (mac64) logging started Thu Nov 13 17:52:35 2014


Gurobi 5.6.3 (mac64) logging started Thu Nov 13 18:39:36 2014


Gurobi 5.6.3 (mac64) logging started Thu Nov 13 18:40:05 2014


Gurobi 5.6.3 (mac64) logging started Thu Nov 13 18:40:58 2014


Gurobi 5.6.3 (mac64) logging started Thu Nov 13 18:43:43 2014


Gurobi 5.6.3 (mac64) logging started Thu Nov 13 18:44:44 2014


Gurobi 5.6.3 (mac64) logging started Thu Nov 13 18:47:06 2014


Gurobi 5.6.3 (mac64) logging started Thu Nov 13 18:47:20 2014


Gurobi 5.6.3 (mac64) logging started Thu Nov 13 18:47:33 2014


Gurobi 5.6.3 (mac64) logging started Thu Nov 13 18:47:48 2014


Gurobi 5.6.3 (mac64) logging started Thu Nov 13 18:50:28 2014


Gurobi 5.6.3 (mac64) logging started Thu Nov 13 18:50:40 2014


Gurobi 5.6.3 (mac64) logging started Thu Nov 13 18:50:47 2014


Gurobi 5.6.3 (mac64) logging started Thu Nov 13 18:50:57 2014


Gurobi 5.6.3 (mac64) logging started Thu Nov 13 18:52:07 2014


Gurobi 5.6.3 (mac64) logging started Thu Nov 13 18:52:15 2014


Gurobi 5.6.3 (mac64) logging started Thu Nov 13 18:53:01 2014


Gurobi 5.6.3 (mac64) logging started Thu Nov 13 18:53:09 2014


Gurobi 5.6.3 (mac64) logging started Thu Nov 13 18:53:35 2014


Gurobi 5.6.3 (mac64) logging started Thu Nov 13 18:53:46 2014


Gurobi 5.6.3 (mac64) logging started Thu Nov 13 18:53:58 2014


Gurobi 5.6.3 (mac64) logging started Thu Nov 13 18:54:56 2014


Gurobi 5.6.3 (mac64) logging started Thu Nov 13 18:55:55 2014


Gurobi 5.6.3 (mac64) logging started Thu Nov 13 18:56:05 2014


Gurobi 5.6.3 (mac64) logging started Thu Nov 13 18:56:27 2014


Gurobi 5.6.3 (mac64) logging started Thu Nov 13 18:56:38 2014


Gurobi 5.6.3 (mac64) logging started Thu Nov 13 18:56:59 2014


Gurobi 5.6.3 (mac64) logging started Thu Nov 13 18:57:08 2014


Gurobi 5.6.3 (mac64) logging started Thu Nov 13 18:57:34 2014


Gurobi 5.6.3 (mac64) logging started Thu Nov 13 18:59:10 2014


Gurobi 5.6.3 (mac64) logging started Thu Nov 13 18:59:45 2014


Gurobi 5.6.3 (mac64) logging started Thu Nov 13 19:00:33 2014


Gurobi 5.6.3 (mac64) logging started Thu Nov 13 19:08:29 2014


Gurobi 5.6.3 (mac64) logging started Thu Nov 13 19:09:36 2014


Gurobi 5.6.3 (mac64) logging started Thu Nov 13 19:09:36 2014


Gurobi 5.6.3 (mac64) logging started Thu Nov 13 19:09:59 2014


Gurobi 5.6.3 (mac64) logging started Thu Nov 13 19:10:16 2014


Gurobi 5.6.3 (mac64) logging started Thu Nov 13 19:10:36 2014


Gurobi 5.6.3 (mac64) logging started Thu Nov 13 19:10:47 2014


Gurobi 5.6.3 (mac64) logging started Thu Nov 13 19:12:38 2014


Gurobi 5.6.3 (mac64) logging started Thu Nov 13 19:12:46 2014


Gurobi 5.6.3 (mac64) logging started Thu Nov 13 19:13:40 2014


Gurobi 5.6.3 (mac64) logging started Thu Nov 13 19:13:50 2014


Gurobi 5.6.3 (mac64) logging started Thu Nov 13 19:14:12 2014


Gurobi 5.6.3 (mac64) logging started Thu Nov 13 19:14:47 2014


Gurobi 5.6.3 (mac64) logging started Thu Nov 13 19:18:16 2014


Gurobi 5.6.3 (mac64) logging started Thu Nov 13 19:18:24 2014


Gurobi 5.6.3 (mac64) logging started Thu Nov 13 19:23:30 2014


Gurobi 5.6.3 (mac64) logging started Thu Nov 13 19:23:43 2014


Gurobi 5.6.3 (mac64) logging started Thu Nov 13 19:23:59 2014


Gurobi 5.6.3 (mac64) logging started Thu Nov 13 19:24:12 2014


Gurobi 5.6.3 (mac64) logging started Thu Nov 13 19:26:02 2014


Gurobi 5.6.3 (mac64) logging started Thu Nov 13 19:26:20 2014


Gurobi 5.6.3 (mac64) logging started Thu Nov 13 19:26:42 2014


Gurobi 5.6.3 (mac64) logging started Thu Nov 13 19:26:49 2014


Gurobi 5.6.3 (mac64) logging started Thu Nov 13 19:27:20 2014


Gurobi 5.6.3 (mac64) logging started Thu Nov 13 19:27:27 2014


Gurobi 5.6.3 (mac64) logging started Thu Nov 13 19:27:36 2014


Gurobi 5.6.3 (mac64) logging started Thu Nov 13 19:28:22 2014


Gurobi 5.6.3 (mac64) logging started Thu Nov 13 19:28:35 2014


Gurobi 5.6.3 (mac64) logging started Thu Nov 13 19:28:50 2014


Gurobi 5.6.3 (mac64) logging started Thu Nov 13 19:29:05 2014


Gurobi 5.6.3 (mac64) logging started Thu Nov 13 19:29:35 2014


Gurobi 5.6.3 (mac64) logging started Thu Nov 13 19:30:10 2014


Gurobi 5.6.3 (mac64) logging started Thu Nov 13 19:30:32 2014


Gurobi 5.6.3 (mac64) logging started Thu Nov 13 19:31:17 2014


Gurobi 5.6.3 (mac64) logging started Thu Nov 13 19:31:29 2014


Gurobi 5.6.3 (mac64) logging started Thu Nov 13 19:31:43 2014


Gurobi 5.6.3 (mac64) logging started Thu Nov 13 19:32:22 2014


Gurobi 5.6.3 (mac64) logging started Thu Nov 13 19:34:22 2014


Gurobi 5.6.3 (mac64) logging started Thu Nov 13 19:35:35 2014


Gurobi 5.6.3 (mac64) logging started Thu Nov 13 19:35:47 2014


Gurobi 5.6.3 (mac64) logging started Thu Nov 13 19:36:01 2014


Gurobi 5.6.3 (mac64) logging started Thu Nov 13 19:43:44 2014


Gurobi 5.6.3 (mac64) logging started Thu Nov 13 19:44:41 2014


Gurobi 5.6.3 (mac64) logging started Thu Nov 13 19:46:09 2014


Gurobi 5.6.3 (mac64) logging started Thu Nov 13 19:47:13 2014


Gurobi 5.6.3 (mac64) logging started Thu Nov 13 19:48:00 2014


Gurobi 5.6.3 (mac64) logging started Thu Nov 13 19:49:52 2014


Gurobi 5.6.3 (mac64) logging started Thu Nov 13 19:51:05 2014


Gurobi 5.6.3 (mac64) logging started Thu Nov 13 19:51:41 2014


Gurobi 5.6.3 (mac64) logging started Thu Nov 13 19:54:18 2014


Gurobi 5.6.3 (mac64) logging started Thu Nov 13 19:54:56 2014


Gurobi 5.6.3 (mac64) logging started Thu Nov 13 19:55:49 2014


Gurobi 5.6.3 (mac64) logging started Thu Nov 13 19:56:53 2014


Gurobi 5.6.3 (mac64) logging started Thu Nov 13 19:57:52 2014


Gurobi 5.6.3 (mac64) logging started Thu Nov 13 19:58:48 2014


Gurobi 5.6.3 (mac64) logging started Thu Nov 13 20:00:20 2014


Gurobi 5.6.3 (mac64) logging started Thu Nov 13 20:01:37 2014


Gurobi 5.6.3 (mac64) logging started Thu Nov 13 20:02:27 2014


Gurobi 5.6.3 (mac64) logging started Thu Nov 13 20:03:31 2014


Gurobi 5.6.3 (mac64) logging started Thu Nov 13 20:16:09 2014


Gurobi 5.6.3 (mac64) logging started Fri Nov 14 10:45:51 2014


Gurobi 5.6.3 (mac64) logging started Fri Nov 14 10:54:24 2014


Gurobi 5.6.3 (mac64) logging started Fri Nov 14 11:04:42 2014


Gurobi 5.6.3 (mac64) logging started Fri Nov 14 11:06:01 2014


Gurobi 5.6.3 (mac64) logging started Fri Nov 14 11:06:19 2014


Gurobi 5.6.3 (mac64) logging started Fri Nov 14 11:08:15 2014


Gurobi 5.6.3 (mac64) logging started Fri Nov 14 11:20:29 2014


Gurobi 5.6.3 (mac64) logging started Fri Nov 14 11:24:20 2014


Gurobi 5.6.3 (mac64) logging started Fri Nov 14 11:39:47 2014


Gurobi 5.6.3 (mac64) logging started Fri Nov 14 11:41:59 2014


Gurobi 5.6.3 (mac64) logging started Fri Nov 14 11:42:29 2014


Gurobi 5.6.3 (mac64) logging started Fri Nov 14 11:42:50 2014


Gurobi 5.6.3 (mac64) logging started Fri Nov 14 11:43:22 2014


Gurobi 5.6.3 (mac64) logging started Fri Nov 14 11:43:47 2014


Gurobi 5.6.3 (mac64) logging started Fri Nov 14 11:44:22 2014


Gurobi 5.6.3 (mac64) logging started Fri Nov 14 11:52:35 2014


Gurobi 5.6.3 (mac64) logging started Fri Nov 14 11:54:23 2014


Gurobi 5.6.3 (mac64) logging started Fri Nov 14 11:55:04 2014


Gurobi 5.6.3 (mac64) logging started Fri Nov 14 11:56:45 2014


Gurobi 5.6.3 (mac64) logging started Fri Nov 14 12:08:28 2014


Gurobi 5.6.3 (mac64) logging started Fri Nov 14 12:14:19 2014


Gurobi 5.6.3 (mac64) logging started Fri Nov 14 12:16:27 2014


Gurobi 5.6.3 (mac64) logging started Fri Nov 14 19:29:20 2014


Gurobi 5.6.3 (mac64) logging started Fri Nov 14 19:48:29 2014


Gurobi 5.6.3 (mac64) logging started Fri Nov 14 20:02:22 2014


Gurobi 5.6.3 (mac64) logging started Sat Nov 15 09:13:38 2014


Gurobi 5.6.3 (mac64) logging started Sat Nov 15 14:02:08 2014


Gurobi 5.6.3 (mac64) logging started Sat Nov 15 14:59:50 2014


Gurobi 5.6.3 (mac64) logging started Sat Nov 15 15:04:10 2014


Gurobi 5.6.3 (mac64) logging started Sat Nov 15 16:49:34 2014


Gurobi 5.6.3 (mac64) logging started Sat Nov 15 16:51:32 2014


Gurobi 5.6.3 (mac64) logging started Sat Nov 15 16:52:15 2014


Gurobi 5.6.3 (mac64) logging started Sat Nov 15 16:52:53 2014


Gurobi 5.6.3 (mac64) logging started Sat Nov 15 20:55:15 2014


Gurobi 5.6.3 (mac64) logging started Sun Nov 16 09:31:40 2014


Gurobi 5.6.3 (mac64) logging started Sun Nov 16 09:33:08 2014


Gurobi 5.6.3 (mac64) logging started Sun Nov 16 09:58:14 2014


Gurobi 5.6.3 (mac64) logging started Sun Nov 16 10:01:15 2014


Gurobi 5.6.3 (mac64) logging started Sun Nov 16 10:06:47 2014


Gurobi 5.6.3 (mac64) logging started Sun Nov 16 10:07:54 2014


Gurobi 5.6.3 (mac64) logging started Sun Nov 16 10:44:03 2014


Gurobi 5.6.3 (mac64) logging started Sun Nov 16 10:44:55 2014


Gurobi 5.6.3 (mac64) logging started Sun Nov 16 11:02:43 2014


Gurobi 5.6.3 (mac64) logging started Sun Nov 16 11:04:29 2014


Gurobi 5.6.3 (mac64) logging started Sun Nov 16 11:05:04 2014


Gurobi 5.6.3 (mac64) logging started Sun Nov 16 18:44:06 2014


Gurobi 5.6.3 (mac64) logging started Sun Nov 16 18:45:01 2014


Gurobi 5.6.3 (mac64) logging started Sun Nov 16 18:46:56 2014


Gurobi 5.6.3 (mac64) logging started Sun Nov 16 18:47:27 2014


Gurobi 5.6.3 (mac64) logging started Sun Nov 16 18:48:06 2014


Gurobi 5.6.3 (mac64) logging started Sun Nov 16 18:48:47 2014


Gurobi 5.6.3 (mac64) logging started Mon Nov 17 13:11:06 2014


Gurobi 5.6.3 (mac64) logging started Mon Nov 17 13:14:28 2014


Gurobi 5.6.3 (mac64) logging started Mon Nov 17 13:24:44 2014


Gurobi 5.6.3 (mac64) logging started Mon Nov 17 14:43:20 2014


Gurobi 5.6.3 (mac64) logging started Mon Nov 17 14:43:36 2014


Gurobi 5.6.3 (mac64) logging started Mon Nov 17 14:44:33 2014


Gurobi 5.6.3 (mac64) logging started Mon Nov 17 14:44:55 2014


Gurobi 5.6.3 (mac64) logging started Mon Nov 17 14:45:05 2014


Gurobi 5.6.3 (mac64) logging started Mon Nov 17 14:45:21 2014


Gurobi 5.6.3 (mac64) logging started Mon Nov 17 15:00:32 2014


Gurobi 5.6.3 (mac64) logging started Mon Nov 17 15:01:09 2014


Gurobi 5.6.3 (mac64) logging started Mon Nov 17 15:02:20 2014


Gurobi 5.6.3 (mac64) logging started Mon Nov 17 15:03:05 2014


Gurobi 5.6.3 (mac64) logging started Mon Nov 17 15:03:17 2014


Gurobi 5.6.3 (mac64) logging started Mon Nov 17 15:03:46 2014


Gurobi 5.6.3 (mac64) logging started Mon Nov 17 15:17:56 2014


Gurobi 5.6.3 (mac64) logging started Mon Nov 17 15:18:28 2014


Gurobi 5.6.3 (mac64) logging started Mon Nov 17 15:20:12 2014


Gurobi 5.6.3 (mac64) logging started Mon Nov 17 15:21:31 2014


Gurobi 5.6.3 (mac64) logging started Mon Nov 17 15:22:38 2014


Gurobi 5.6.3 (mac64) logging started Mon Nov 17 15:23:40 2014


Gurobi 5.6.3 (mac64) logging started Mon Nov 17 15:26:31 2014


Gurobi 5.6.3 (mac64) logging started Mon Nov 17 16:23:56 2014


Gurobi 5.6.3 (mac64) logging started Mon Nov 17 17:42:05 2014


Gurobi 5.6.3 (mac64) logging started Mon Nov 17 17:42:27 2014


Gurobi 5.6.3 (mac64) logging started Mon Nov 17 17:43:33 2014


Gurobi 5.6.3 (mac64) logging started Mon Nov 17 17:45:54 2014


Gurobi 5.6.3 (mac64) logging started Mon Nov 17 17:46:54 2014


Gurobi 5.6.3 (mac64) logging started Mon Nov 17 17:51:07 2014


Gurobi 5.6.3 (mac64) logging started Mon Nov 17 17:51:34 2014


Gurobi 5.6.3 (mac64) logging started Mon Nov 17 17:53:01 2014


Gurobi 5.6.3 (mac64) logging started Mon Nov 17 17:54:24 2014


Gurobi 5.6.3 (mac64) logging started Mon Nov 17 17:55:32 2014


Gurobi 5.6.3 (mac64) logging started Mon Nov 17 17:55:56 2014


Gurobi 5.6.3 (mac64) logging started Mon Nov 17 17:56:14 2014


Gurobi 5.6.3 (mac64) logging started Mon Nov 17 20:26:39 2014


Gurobi 5.6.3 (mac64) logging started Mon Nov 17 20:35:34 2014


Gurobi 5.6.3 (mac64) logging started Mon Nov 17 20:42:48 2014


Gurobi 5.6.3 (mac64) logging started Mon Nov 17 20:43:05 2014


Gurobi 5.6.3 (mac64) logging started Mon Nov 17 20:47:07 2014


Gurobi 5.6.3 (mac64) logging started Mon Nov 17 21:33:04 2014


Gurobi 5.6.3 (mac64) logging started Mon Nov 17 21:34:22 2014


Gurobi 5.6.3 (mac64) logging started Mon Nov 17 21:36:08 2014


Gurobi 5.6.3 (mac64) logging started Mon Nov 17 21:36:54 2014


Gurobi 5.6.3 (mac64) logging started Mon Nov 17 21:39:54 2014


Gurobi 5.6.3 (mac64) logging started Mon Nov 17 21:40:27 2014


Gurobi 5.6.3 (mac64) logging started Mon Nov 17 21:47:45 2014


Gurobi 5.6.3 (mac64) logging started Mon Nov 17 22:16:49 2014


Gurobi 5.6.3 (mac64) logging started Mon Nov 17 22:33:01 2014


Gurobi 5.6.3 (mac64) logging started Mon Nov 17 22:33:16 2014


Gurobi 5.6.3 (mac64) logging started Mon Nov 17 22:35:49 2014


Gurobi 5.6.3 (mac64) logging started Mon Nov 17 22:38:09 2014


Gurobi 5.6.3 (mac64) logging started Mon Nov 17 22:58:51 2014


Gurobi 5.6.3 (mac64) logging started Mon Nov 17 23:14:44 2014


Gurobi 5.6.3 (mac64) logging started Mon Nov 17 23:15:26 2014


Gurobi 5.6.3 (mac64) logging started Mon Nov 17 23:18:42 2014


Gurobi 5.6.3 (mac64) logging started Mon Nov 17 23:30:43 2014


Gurobi 5.6.3 (mac64) logging started Tue Nov 18 08:01:35 2014


Gurobi 5.6.3 (mac64) logging started Tue Nov 18 08:05:51 2014


Gurobi 5.6.3 (mac64) logging started Tue Nov 18 08:15:55 2014


Gurobi 5.6.3 (mac64) logging started Tue Nov 18 08:19:51 2014


Gurobi 5.6.3 (mac64) logging started Tue Nov 18 09:19:28 2014


Gurobi 5.6.3 (mac64) logging started Tue Nov 18 10:05:30 2014


Gurobi 5.6.3 (mac64) logging started Tue Nov 18 10:06:06 2014


Gurobi 5.6.3 (mac64) logging started Tue Nov 18 10:06:25 2014


Gurobi 5.6.3 (mac64) logging started Tue Nov 18 10:07:04 2014


Gurobi 5.6.3 (mac64) logging started Tue Nov 18 10:08:02 2014


Gurobi 5.6.3 (mac64) logging started Tue Nov 18 10:09:50 2014


Gurobi 5.6.3 (mac64) logging started Tue Nov 18 10:10:51 2014


Gurobi 5.6.3 (mac64) logging started Tue Nov 18 10:14:48 2014


Gurobi 5.6.3 (mac64) logging started Tue Nov 18 10:15:28 2014


Gurobi 5.6.3 (mac64) logging started Tue Nov 18 10:18:37 2014


Gurobi 5.6.3 (mac64) logging started Tue Nov 18 10:29:29 2014


Gurobi 5.6.3 (mac64) logging started Tue Nov 18 10:29:46 2014


Gurobi 5.6.3 (mac64) logging started Tue Nov 18 10:39:17 2014


Gurobi 5.6.3 (mac64) logging started Tue Nov 18 11:56:52 2014


Gurobi 5.6.3 (mac64) logging started Tue Nov 18 14:17:26 2014


Gurobi 5.6.3 (mac64) logging started Wed Nov 19 17:44:45 2014


Gurobi 5.6.3 (mac64) logging started Wed Nov 19 18:16:43 2014


Gurobi 5.6.3 (mac64) logging started Wed Nov 19 18:16:53 2014


Gurobi 5.6.3 (mac64) logging started Wed Nov 19 18:17:58 2014


Gurobi 5.6.3 (mac64) logging started Wed Nov 19 18:20:00 2014


Gurobi 5.6.3 (mac64) logging started Wed Nov 19 18:30:03 2014


Gurobi 5.6.3 (mac64) logging started Wed Nov 19 18:33:27 2014


Gurobi 5.6.3 (mac64) logging started Wed Nov 19 18:39:28 2014


Gurobi 5.6.3 (mac64) logging started Wed Nov 19 18:40:12 2014


Gurobi 5.6.3 (mac64) logging started Wed Nov 19 18:45:44 2014


Gurobi 5.6.3 (mac64) logging started Wed Nov 19 19:24:04 2014


Gurobi 5.6.3 (mac64) logging started Mon Jan 19 20:04:18 2015


Gurobi 5.6.3 (mac64) logging started Tue Jan 20 17:39:23 2015


Gurobi 5.6.3 (mac64) logging started Thu Jan 22 21:49:26 2015


Gurobi 5.6.3 (mac64) logging started Sat Mar 14 13:43:02 2015


Gurobi 5.6.3 (mac64) logging started Sat Mar 14 13:44:37 2015


Gurobi 5.6.3 (mac64) logging started Sat Mar 14 13:45:43 2015


Gurobi 5.6.3 (mac64) logging started Sat Mar 14 17:32:09 2015


Gurobi 5.6.3 (mac64) logging started Sat Mar 14 17:33:36 2015


Gurobi 5.6.3 (mac64) logging started Sat Mar 14 19:27:59 2015


Gurobi 5.6.3 (mac64) logging started Sun Mar 15 10:20:39 2015


Gurobi 5.6.3 (mac64) logging started Sun Mar 15 14:57:01 2015


Gurobi 5.6.3 (mac64) logging started Sun Mar 15 15:31:07 2015


Gurobi 5.6.3 (mac64) logging started Sun Mar 15 15:53:07 2015


Gurobi 5.6.3 (mac64) logging started Sun Mar 15 15:53:30 2015


Gurobi 5.6.3 (mac64) logging started Sun Mar 15 15:53:57 2015


Gurobi 5.6.3 (mac64) logging started Sun Mar 15 17:16:33 2015


Gurobi 5.6.3 (mac64) logging started Sun Mar 15 17:18:40 2015


Gurobi 5.6.3 (mac64) logging started Sun Mar 15 17:21:21 2015


Gurobi 5.6.3 (mac64) logging started Sun Mar 15 19:55:55 2015


Gurobi 5.6.3 (mac64) logging started Fri Apr  3 19:31:49 2015


Gurobi 5.6.3 (mac64) logging started Fri Apr  3 19:35:51 2015


Gurobi 5.6.3 (mac64) logging started Fri Apr  3 19:37:12 2015


Gurobi 5.6.3 (mac64) logging started Fri Apr  3 19:43:51 2015


Gurobi 5.6.3 (mac64) logging started Fri Apr  3 23:04:04 2015


Gurobi 5.6.3 (mac64) logging started Fri Apr  3 23:04:24 2015


Gurobi 5.6.3 (mac64) logging started Fri Apr  3 23:08:28 2015


Gurobi 5.6.3 (mac64) logging started Fri Apr  3 23:59:27 2015


Gurobi 5.6.3 (mac64) logging started Fri Apr  3 23:59:45 2015


Gurobi 5.6.3 (mac64) logging started Sat Apr  4 13:25:23 2015


Gurobi 5.6.3 (mac64) logging started Sat Apr  4 13:39:30 2015


Gurobi 5.6.3 (mac64) logging started Sat Apr  4 13:43:00 2015


Gurobi 5.6.3 (mac64) logging started Sat Apr  4 13:45:22 2015


Gurobi 5.6.3 (mac64) logging started Sat Apr  4 16:47:11 2015


Gurobi 5.6.3 (mac64) logging started Sat Apr  4 18:44:54 2015


Gurobi 5.6.3 (mac64) logging started Sat Apr  4 22:28:09 2015


Gurobi 5.6.3 (mac64) logging started Sat Apr  4 22:47:57 2015


Gurobi 5.6.3 (mac64) logging started Sun Apr  5 00:24:38 2015


Gurobi 5.6.3 (mac64) logging started Sun Apr  5 09:49:27 2015


Gurobi 5.6.3 (mac64) logging started Sun Apr  5 10:31:32 2015


Gurobi 5.6.3 (mac64) logging started Sun Apr  5 12:34:41 2015


Gurobi 5.6.3 (mac64) logging started Sun Apr  5 14:01:19 2015


Gurobi 5.6.3 (mac64) logging started Sun Apr  5 18:44:39 2015


Gurobi 5.6.3 (mac64) logging started Sun Apr  5 19:01:42 2015


Gurobi 5.6.3 (mac64) logging started Sun Apr  5 20:30:29 2015


Gurobi 5.6.3 (mac64) logging started Sun Apr  5 23:39:35 2015


Gurobi 5.6.3 (mac64) logging started Wed Apr 15 21:15:31 2015


Gurobi 5.6.3 (mac64) logging started Wed Apr 15 21:20:21 2015


Gurobi 5.6.3 (mac64) logging started Wed Apr 15 21:24:53 2015


Gurobi 5.6.3 (mac64) logging started Wed Apr 15 21:28:47 2015


Gurobi 5.6.3 (mac64) logging started Sun May 24 00:48:28 2015


Gurobi 5.6.3 (mac64) logging started Sun May 24 01:05:44 2015


Gurobi 5.6.3 (mac64) logging started Sun May 24 01:07:17 2015


Gurobi 5.6.3 (mac64) logging started Sun May 24 01:09:09 2015


Gurobi 5.6.3 (mac64) logging started Sun May 24 01:10:02 2015


Gurobi 5.6.3 (mac64) logging started Tue May 26 22:53:32 2015


Gurobi 5.6.3 (mac64) logging started Tue May 26 22:55:44 2015


Gurobi 5.6.3 (mac64) logging started Tue May 26 22:56:16 2015


Gurobi 5.6.3 (mac64) logging started Tue May 26 22:57:53 2015


Gurobi 5.6.3 (mac64) logging started Tue May 26 22:58:35 2015


Gurobi 5.6.3 (mac64) logging started Sun Jul  5 21:13:02 2015


Gurobi 5.6.3 (mac64) logging started Sun Jul  5 21:24:14 2015


Gurobi 5.6.3 (mac64) logging started Sun Jul  5 21:37:47 2015


Gurobi 5.6.3 (mac64) logging started Sun Jul  5 21:49:32 2015

